BLOCKS-10-0
BLOCKS-10-1
BLOCKS-10-2
BLOCKS-11-0
BLOCKS-11-1
BLOCKS-11-2
BLOCKS-12-0
BLOCKS-12-1
BLOCKS-13-0
BLOCKS-13-1
BLOCKS-14-0
BLOCKS-14-1
BLOCKS-15-0
BLOCKS-15-1
BLOCKS-16-1
BLOCKS-16-2
BLOCKS-17-0
BLOCKS-17-1
BLOCKS-18-0
BLOCKS-18-1
BLOCKS-19-0
BLOCKS-19-1
BLOCKS-20-0
BLOCKS-20-1
BLOCKS-21-0
BLOCKS-21-1
BLOCKS-22-0
BLOCKS-22-1
BLOCKS-23-0
BLOCKS-23-1
BLOCKS-24-0
BLOCKS-24-1
BLOCKS-25-0
BLOCKS-25-1
BLOCKS-26-0
BLOCKS-26-1
BLOCKS-27-0
BLOCKS-27-1
BLOCKS-28-0
BLOCKS-28-1
BLOCKS-29-0
BLOCKS-29-1
BLOCKS-30-0
BLOCKS-30-1
BLOCKS-31-0
BLOCKS-31-1
BLOCKS-32-0
BLOCKS-32-1
BLOCKS-33-0
BLOCKS-33-1
BLOCKS-34-0
BLOCKS-34-1
BLOCKS-35-0
BLOCKS-35-1
BLOCKS-36-0
BLOCKS-36-1
BLOCKS-37-0
BLOCKS-37-1
BLOCKS-38-0
BLOCKS-38-1
BLOCKS-39-0
BLOCKS-39-1
BLOCKS-4-0
BLOCKS-4-1
BLOCKS-4-2
BLOCKS-40-0
BLOCKS-40-1
BLOCKS-41-0
BLOCKS-41-1
BLOCKS-42-0
BLOCKS-42-1
BLOCKS-43-0
BLOCKS-43-1
BLOCKS-44-0
BLOCKS-44-1
BLOCKS-45-0
BLOCKS-45-1
BLOCKS-46-0
BLOCKS-46-1
BLOCKS-47-0
BLOCKS-47-1
BLOCKS-48-0
BLOCKS-48-1
BLOCKS-49-0
BLOCKS-49-1
BLOCKS-5-0
BLOCKS-5-1
BLOCKS-5-2
BLOCKS-50-0
BLOCKS-50-1
BLOCKS-6-0
BLOCKS-6-1
BLOCKS-6-2
BLOCKS-7-0
BLOCKS-7-1
BLOCKS-7-2
BLOCKS-8-0
BLOCKS-8-1
BLOCKS-8-2
BLOCKS-9-0
BLOCKS-9-1
BLOCKS-9-2
freecell-10-1
freecell-10-2
freecell-10-3
freecell-10-4
freecell-10-5
freecell-11-1
freecell-11-2
freecell-11-3
freecell-11-4
freecell-11-5
freecell-12-1
freecell-12-2
freecell-12-3
freecell-12-4
freecell-12-5
freecell-13-1
freecell-13-2
freecell-13-3
freecell-13-4
freecell-13-5
freecell-2-1
freecell-2-2
freecell-2-3
freecell-2-4
freecell-2-5
freecell-3-1
freecell-3-2
freecell-3-3
freecell-3-4
freecell-3-5
freecell-4-1
freecell-4-2
freecell-4-3
freecell-4-4
freecell-4-5
freecell-5-1
freecell-5-2
freecell-5-3
freecell-5-4
freecell-5-5
freecell-6-1
freecell-6-2
freecell-6-3
freecell-6-4
freecell-6-5
freecell-7-1
freecell-7-2
freecell-7-3
freecell-7-4
freecell-7-5
freecell-8-1
freecell-8-2
freecell-8-3
freecell-8-4
freecell-8-5
freecell-9-1
freecell-9-2
freecell-9-3
freecell-9-4
freecell-9-5
log-x-1
log-x-2
log-x-3
log-x-4
logistics-10-0
logistics-10-1
logistics-100-0
logistics-100-1
logistics-11-0
logistics-11-1
logistics-12-0
logistics-12-1
logistics-13-0
logistics-13-1
logistics-14-0
logistics-14-1
logistics-15-0
logistics-15-1
logistics-16-0
logistics-16-1
logistics-17-0
logistics-17-1
logistics-18-0
logistics-18-1
logistics-19-0
logistics-19-1
logistics-20-0
logistics-20-1
logistics-21-0
logistics-21-1
logistics-22-0
logistics-22-1
logistics-23-0
logistics-23-1
logistics-24-0
logistics-24-1
logistics-25-0
logistics-25-1
logistics-26-0
logistics-26-1
logistics-27-0
logistics-27-1
logistics-28-0
logistics-28-1
logistics-29-0
logistics-29-1
logistics-30-0
logistics-30-1
logistics-31-0
logistics-31-1
logistics-32-0
logistics-32-1
logistics-33-0
logistics-33-1
logistics-34-0
logistics-34-1
logistics-35-0
logistics-35-1
logistics-36-0
logistics-36-1
logistics-37-0
logistics-37-1
logistics-38-0
logistics-38-1
logistics-39-0
logistics-39-1
logistics-4-0
logistics-4-1
logistics-4-2
logistics-40-0
logistics-40-1
logistics-41-0
logistics-41-1
logistics-42-0
logistics-42-1
logistics-43-0
logistics-43-1
logistics-44-0
logistics-44-1
logistics-45-0
logistics-45-1
logistics-46-0
logistics-46-1
logistics-47-0
logistics-47-1
logistics-48-0
logistics-48-1
logistics-49-0
logistics-49-1
logistics-5-0
logistics-5-1
logistics-5-2
logistics-50-0
logistics-50-1
logistics-51-0
logistics-51-1
logistics-52-0
logistics-52-1
logistics-53-0
logistics-53-1
logistics-54-0
logistics-54-1
logistics-55-0
logistics-55-1
logistics-56-0
logistics-56-1
logistics-57-0
logistics-57-1
logistics-58-0
logistics-58-1
logistics-59-0
logistics-59-1
logistics-6-0
logistics-6-1
logistics-6-2
logistics-6-3
logistics-6-9
logistics-60-0
logistics-60-1
logistics-61-0
logistics-61-1
logistics-62-0
logistics-62-1
logistics-63-0
logistics-63-1
logistics-64-0
logistics-64-1
logistics-65-0
logistics-65-1
logistics-66-0
logistics-66-1
logistics-67-0
logistics-67-1
logistics-68-0
logistics-68-1
logistics-69-0
logistics-69-1
logistics-7-0
logistics-7-1
logistics-70-0
logistics-70-1
logistics-71-0
logistics-71-1
logistics-72-0
logistics-72-1
logistics-73-0
logistics-73-1
logistics-74-0
logistics-74-1
logistics-75-0
logistics-75-1
logistics-76-0
logistics-76-1
logistics-77-0
logistics-77-1
logistics-78-0
logistics-78-1
logistics-79-0
logistics-79-1
logistics-8-0
logistics-8-1
logistics-80-0
logistics-80-1
logistics-81-0
logistics-81-1
logistics-82-0
logistics-82-1
logistics-83-0
logistics-83-1
logistics-84-0
logistics-84-1
logistics-85-0
logistics-85-1
logistics-86-0
logistics-86-1
logistics-87-0
logistics-87-1
logistics-88-0
logistics-88-1
logistics-89-0
logistics-89-1
logistics-9-0
logistics-9-1
logistics-90-0
logistics-90-1
logistics-91-0
logistics-91-1
logistics-92-0
logistics-92-1
logistics-93-0
logistics-93-1
logistics-94-0
logistics-94-1
logistics-95-0
logistics-95-1
logistics-96-0
logistics-96-1
logistics-97-0
logistics-97-1
logistics-98-0
logistics-98-1
logistics-99-0
logistics-99-1
mixed-f10-p5-u0-v0-g0-a0-n0-a0-b0-n0-f0-r0
mixed-f10-p5-u0-v0-g0-a0-n0-a0-b0-n0-f0-r1
mixed-f10-p5-u0-v0-g0-a0-n0-a0-b0-n0-f0-r2
mixed-f10-p5-u0-v0-g0-a0-n0-a0-b0-n0-f0-r3
mixed-f10-p5-u0-v0-g0-a0-n0-a0-b0-n0-f0-r4
mixed-f10-p5-u20-v5-g5-a60-n10-a20-b80-n50-f5-r0
mixed-f10-p5-u20-v5-g5-a60-n10-a20-b80-n50-f5-r1
mixed-f10-p5-u20-v5-g5-a60-n10-a20-b80-n50-f5-r2
mixed-f10-p5-u20-v5-g5-a60-n10-a20-b80-n50-f5-r3
mixed-f10-p5-u20-v5-g5-a60-n10-a20-b80-n50-f5-r4
mixed-f12-p6-u0-v0-g0-a0-n0-a0-b0-n0-f0-r0
mixed-f12-p6-u0-v0-g0-a0-n0-a0-b0-n0-f0-r1
mixed-f12-p6-u0-v0-g0-a0-n0-a0-b0-n0-f0-r2
mixed-f12-p6-u0-v0-g0-a0-n0-a0-b0-n0-f0-r3
mixed-f12-p6-u0-v0-g0-a0-n0-a0-b0-n0-f0-r4
mixed-f12-p6-u20-v5-g5-a60-n10-a20-b80-n50-f5-r0
mixed-f12-p6-u20-v5-g5-a60-n10-a20-b80-n50-f5-r1
mixed-f12-p6-u20-v5-g5-a60-n10-a20-b80-n50-f5-r2
mixed-f12-p6-u20-v5-g5-a60-n10-a20-b80-n50-f5-r3
mixed-f12-p6-u20-v5-g5-a60-n10-a20-b80-n50-f5-r4
mixed-f14-p7-u0-v0-g0-a0-n0-a0-b0-n0-f0-r0
mixed-f14-p7-u0-v0-g0-a0-n0-a0-b0-n0-f0-r1
mixed-f14-p7-u0-v0-g0-a0-n0-a0-b0-n0-f0-r2
mixed-f14-p7-u0-v0-g0-a0-n0-a0-b0-n0-f0-r3
mixed-f14-p7-u0-v0-g0-a0-n0-a0-b0-n0-f0-r4
mixed-f14-p7-u20-v5-g5-a60-n10-a20-b80-n50-f5-r0
mixed-f14-p7-u20-v5-g5-a60-n10-a20-b80-n50-f5-r1
mixed-f14-p7-u20-v5-g5-a60-n10-a20-b80-n50-f5-r2
mixed-f14-p7-u20-v5-g5-a60-n10-a20-b80-n50-f5-r3
mixed-f14-p7-u20-v5-g5-a60-n10-a20-b80-n50-f5-r4
mixed-f16-p8-u0-v0-g0-a0-n0-a0-b0-n0-f0-r0
mixed-f16-p8-u0-v0-g0-a0-n0-a0-b0-n0-f0-r1
mixed-f16-p8-u0-v0-g0-a0-n0-a0-b0-n0-f0-r2
mixed-f16-p8-u0-v0-g0-a0-n0-a0-b0-n0-f0-r3
mixed-f16-p8-u0-v0-g0-a0-n0-a0-b0-n0-f0-r4
mixed-f16-p8-u20-v5-g5-a60-n10-a20-b80-n50-f5-r0
mixed-f16-p8-u20-v5-g5-a60-n10-a20-b80-n50-f5-r1
mixed-f16-p8-u20-v5-g5-a60-n10-a20-b80-n50-f5-r2
mixed-f16-p8-u20-v5-g5-a60-n10-a20-b80-n50-f5-r3
mixed-f16-p8-u20-v5-g5-a60-n10-a20-b80-n50-f5-r4
mixed-f18-p9-u0-v0-g0-a0-n0-a0-b0-n0-f0-r0
mixed-f18-p9-u0-v0-g0-a0-n0-a0-b0-n0-f0-r1
mixed-f18-p9-u0-v0-g0-a0-n0-a0-b0-n0-f0-r2
mixed-f18-p9-u0-v0-g0-a0-n0-a0-b0-n0-f0-r3
mixed-f18-p9-u0-v0-g0-a0-n0-a0-b0-n0-f0-r4
mixed-f18-p9-u20-v5-g5-a60-n10-a20-b80-n50-f5-r0
mixed-f18-p9-u20-v5-g5-a60-n10-a20-b80-n50-f5-r1
mixed-f18-p9-u20-v5-g5-a60-n10-a20-b80-n50-f5-r2
mixed-f18-p9-u20-v5-g5-a60-n10-a20-b80-n50-f5-r3
mixed-f18-p9-u20-v5-g5-a60-n10-a20-b80-n50-f5-r4
mixed-f2-p1-u0-v0-g0-a0-n0-a0-b0-n0-f0-r0
mixed-f2-p1-u0-v0-g0-a0-n0-a0-b0-n0-f0-r1
mixed-f2-p1-u0-v0-g0-a0-n0-a0-b0-n0-f0-r2
mixed-f2-p1-u0-v0-g0-a0-n0-a0-b0-n0-f0-r3
mixed-f2-p1-u0-v0-g0-a0-n0-a0-b0-n0-f0-r4
mixed-f2-p1-u20-v5-g5-a60-n10-a20-b80-n50-f5-r0
mixed-f2-p1-u20-v5-g5-a60-n10-a20-b80-n50-f5-r1
mixed-f2-p1-u20-v5-g5-a60-n10-a20-b80-n50-f5-r2
mixed-f2-p1-u20-v5-g5-a60-n10-a20-b80-n50-f5-r3
mixed-f2-p1-u20-v5-g5-a60-n10-a20-b80-n50-f5-r4
mixed-f20-p10-u0-v0-g0-a0-n0-a0-b0-n0-f0-r0
mixed-f20-p10-u0-v0-g0-a0-n0-a0-b0-n0-f0-r1
mixed-f20-p10-u0-v0-g0-a0-n0-a0-b0-n0-f0-r2
mixed-f20-p10-u0-v0-g0-a0-n0-a0-b0-n0-f0-r3
mixed-f20-p10-u0-v0-g0-a0-n0-a0-b0-n0-f0-r4
mixed-f20-p10-u20-v5-g5-a60-n10-a20-b80-n50-f5-r0
mixed-f20-p10-u20-v5-g5-a60-n10-a20-b80-n50-f5-r1
mixed-f20-p10-u20-v5-g5-a60-n10-a20-b80-n50-f5-r3
mixed-f20-p10-u20-v5-g5-a60-n10-a20-b80-n50-f5-r4
mixed-f22-p11-u0-v0-g0-a0-n0-a0-b0-n0-f0-r0
mixed-f22-p11-u0-v0-g0-a0-n0-a0-b0-n0-f0-r1
mixed-f22-p11-u0-v0-g0-a0-n0-a0-b0-n0-f0-r2
mixed-f22-p11-u0-v0-g0-a0-n0-a0-b0-n0-f0-r3
mixed-f22-p11-u0-v0-g0-a0-n0-a0-b0-n0-f0-r4
mixed-f22-p11-u20-v5-g5-a60-n10-a20-b80-n50-f5-r0
mixed-f22-p11-u20-v5-g5-a60-n10-a20-b80-n50-f5-r1
mixed-f22-p11-u20-v5-g5-a60-n10-a20-b80-n50-f5-r2
mixed-f22-p11-u20-v5-g5-a60-n10-a20-b80-n50-f5-r3
mixed-f22-p11-u20-v5-g5-a60-n10-a20-b80-n50-f5-r4
mixed-f24-p12-u0-v0-g0-a0-n0-a0-b0-n0-f0-r0
mixed-f24-p12-u0-v0-g0-a0-n0-a0-b0-n0-f0-r1
mixed-f24-p12-u0-v0-g0-a0-n0-a0-b0-n0-f0-r2
mixed-f24-p12-u0-v0-g0-a0-n0-a0-b0-n0-f0-r3
mixed-f24-p12-u0-v0-g0-a0-n0-a0-b0-n0-f0-r4
mixed-f24-p12-u20-v5-g5-a60-n10-a20-b80-n50-f5-r0
mixed-f24-p12-u20-v5-g5-a60-n10-a20-b80-n50-f5-r1
mixed-f24-p12-u20-v5-g5-a60-n10-a20-b80-n50-f5-r2
mixed-f24-p12-u20-v5-g5-a60-n10-a20-b80-n50-f5-r3
mixed-f24-p12-u20-v5-g5-a60-n10-a20-b80-n50-f5-r4
mixed-f26-p13-u0-v0-g0-a0-n0-a0-b0-n0-f0-r0
mixed-f26-p13-u0-v0-g0-a0-n0-a0-b0-n0-f0-r1
mixed-f26-p13-u0-v0-g0-a0-n0-a0-b0-n0-f0-r2
mixed-f26-p13-u0-v0-g0-a0-n0-a0-b0-n0-f0-r3
mixed-f26-p13-u0-v0-g0-a0-n0-a0-b0-n0-f0-r4
mixed-f26-p13-u20-v5-g5-a60-n10-a20-b80-n50-f5-r0
mixed-f26-p13-u20-v5-g5-a60-n10-a20-b80-n50-f5-r1
mixed-f26-p13-u20-v5-g5-a60-n10-a20-b80-n50-f5-r2
mixed-f26-p13-u20-v5-g5-a60-n10-a20-b80-n50-f5-r3
mixed-f26-p13-u20-v5-g5-a60-n10-a20-b80-n50-f5-r4
mixed-f28-p14-u0-v0-g0-a0-n0-a0-b0-n0-f0-r0
mixed-f28-p14-u0-v0-g0-a0-n0-a0-b0-n0-f0-r1
mixed-f28-p14-u0-v0-g0-a0-n0-a0-b0-n0-f0-r2
mixed-f28-p14-u0-v0-g0-a0-n0-a0-b0-n0-f0-r3
mixed-f28-p14-u0-v0-g0-a0-n0-a0-b0-n0-f0-r4
mixed-f28-p14-u20-v5-g5-a60-n10-a20-b80-n50-f5-r0
mixed-f28-p14-u20-v5-g5-a60-n10-a20-b80-n50-f5-r1
mixed-f28-p14-u20-v5-g5-a60-n10-a20-b80-n50-f5-r2
mixed-f28-p14-u20-v5-g5-a60-n10-a20-b80-n50-f5-r3
mixed-f28-p14-u20-v5-g5-a60-n10-a20-b80-n50-f5-r4
mixed-f30-p15-u0-v0-g0-a0-n0-a0-b0-n0-f0-r0
mixed-f30-p15-u0-v0-g0-a0-n0-a0-b0-n0-f0-r1
mixed-f30-p15-u0-v0-g0-a0-n0-a0-b0-n0-f0-r2
mixed-f30-p15-u0-v0-g0-a0-n0-a0-b0-n0-f0-r3
mixed-f30-p15-u0-v0-g0-a0-n0-a0-b0-n0-f0-r4
mixed-f30-p15-u20-v5-g5-a60-n10-a20-b80-n50-f5-r0
mixed-f30-p15-u20-v5-g5-a60-n10-a20-b80-n50-f5-r1
mixed-f30-p15-u20-v5-g5-a60-n10-a20-b80-n50-f5-r2
mixed-f30-p15-u20-v5-g5-a60-n10-a20-b80-n50-f5-r3
mixed-f30-p15-u20-v5-g5-a60-n10-a20-b80-n50-f5-r4
mixed-f32-p16-u0-v0-g0-a0-n0-a0-b0-n0-f0-r0
mixed-f32-p16-u0-v0-g0-a0-n0-a0-b0-n0-f0-r1
mixed-f32-p16-u0-v0-g0-a0-n0-a0-b0-n0-f0-r2
mixed-f32-p16-u0-v0-g0-a0-n0-a0-b0-n0-f0-r3
mixed-f32-p16-u0-v0-g0-a0-n0-a0-b0-n0-f0-r4
mixed-f32-p16-u20-v5-g5-a60-n10-a20-b80-n50-f5-r0
mixed-f32-p16-u20-v5-g5-a60-n10-a20-b80-n50-f5-r1
mixed-f32-p16-u20-v5-g5-a60-n10-a20-b80-n50-f5-r2
mixed-f32-p16-u20-v5-g5-a60-n10-a20-b80-n50-f5-r3
mixed-f34-p17-u0-v0-g0-a0-n0-a0-b0-n0-f0-r0
mixed-f34-p17-u0-v0-g0-a0-n0-a0-b0-n0-f0-r1
mixed-f34-p17-u0-v0-g0-a0-n0-a0-b0-n0-f0-r2
mixed-f34-p17-u0-v0-g0-a0-n0-a0-b0-n0-f0-r3
mixed-f34-p17-u0-v0-g0-a0-n0-a0-b0-n0-f0-r4
mixed-f34-p17-u20-v5-g5-a60-n10-a20-b80-n50-f5-r0
mixed-f34-p17-u20-v5-g5-a60-n10-a20-b80-n50-f5-r2
mixed-f34-p17-u20-v5-g5-a60-n10-a20-b80-n50-f5-r3
mixed-f34-p17-u20-v5-g5-a60-n10-a20-b80-n50-f5-r4
mixed-f36-p18-u0-v0-g0-a0-n0-a0-b0-n0-f0-r0
mixed-f36-p18-u0-v0-g0-a0-n0-a0-b0-n0-f0-r1
mixed-f36-p18-u0-v0-g0-a0-n0-a0-b0-n0-f0-r2
mixed-f36-p18-u0-v0-g0-a0-n0-a0-b0-n0-f0-r3
mixed-f36-p18-u0-v0-g0-a0-n0-a0-b0-n0-f0-r4
mixed-f36-p18-u20-v5-g5-a60-n10-a20-b80-n50-f5-r0
mixed-f36-p18-u20-v5-g5-a60-n10-a20-b80-n50-f5-r10
mixed-f36-p18-u20-v5-g5-a60-n10-a20-b80-n50-f5-r2
mixed-f36-p18-u20-v5-g5-a60-n10-a20-b80-n50-f5-r3
mixed-f36-p18-u20-v5-g5-a60-n10-a20-b80-n50-f5-r4
mixed-f38-p19-u0-v0-g0-a0-n0-a0-b0-n0-f0-r0
mixed-f38-p19-u0-v0-g0-a0-n0-a0-b0-n0-f0-r1
mixed-f38-p19-u0-v0-g0-a0-n0-a0-b0-n0-f0-r2
mixed-f38-p19-u0-v0-g0-a0-n0-a0-b0-n0-f0-r3
mixed-f38-p19-u0-v0-g0-a0-n0-a0-b0-n0-f0-r4
mixed-f38-p19-u20-v5-g5-a60-n10-a20-b80-n50-f5-r0
mixed-f38-p19-u20-v5-g5-a60-n10-a20-b80-n50-f5-r1
mixed-f38-p19-u20-v5-g5-a60-n10-a20-b80-n50-f5-r2
mixed-f38-p19-u20-v5-g5-a60-n10-a20-b80-n50-f5-r3
mixed-f38-p19-u20-v5-g5-a60-n10-a20-b80-n50-f5-r4
mixed-f4-p2-u0-v0-g0-a0-n0-a0-b0-n0-f0-r0
mixed-f4-p2-u0-v0-g0-a0-n0-a0-b0-n0-f0-r1
mixed-f4-p2-u0-v0-g0-a0-n0-a0-b0-n0-f0-r2
mixed-f4-p2-u0-v0-g0-a0-n0-a0-b0-n0-f0-r3
mixed-f4-p2-u0-v0-g0-a0-n0-a0-b0-n0-f0-r4
mixed-f4-p2-u20-v5-g5-a60-n10-a20-b80-n50-f5-r0
mixed-f4-p2-u20-v5-g5-a60-n10-a20-b80-n50-f5-r1
mixed-f4-p2-u20-v5-g5-a60-n10-a20-b80-n50-f5-r2
mixed-f4-p2-u20-v5-g5-a60-n10-a20-b80-n50-f5-r3
mixed-f4-p2-u20-v5-g5-a60-n10-a20-b80-n50-f5-r4
mixed-f40-p20-u0-v0-g0-a0-n0-a0-b0-n0-f0-r0
mixed-f40-p20-u0-v0-g0-a0-n0-a0-b0-n0-f0-r1
mixed-f40-p20-u0-v0-g0-a0-n0-a0-b0-n0-f0-r2
mixed-f40-p20-u0-v0-g0-a0-n0-a0-b0-n0-f0-r3
mixed-f40-p20-u0-v0-g0-a0-n0-a0-b0-n0-f0-r4
mixed-f40-p20-u20-v5-g5-a60-n10-a20-b80-n50-f5-r0
mixed-f40-p20-u20-v5-g5-a60-n10-a20-b80-n50-f5-r1
mixed-f40-p20-u20-v5-g5-a60-n10-a20-b80-n50-f5-r2
mixed-f40-p20-u20-v5-g5-a60-n10-a20-b80-n50-f5-r4
mixed-f42-p21-u0-v0-g0-a0-n0-a0-b0-n0-f0-r0
mixed-f42-p21-u0-v0-g0-a0-n0-a0-b0-n0-f0-r1
mixed-f42-p21-u0-v0-g0-a0-n0-a0-b0-n0-f0-r2
mixed-f42-p21-u0-v0-g0-a0-n0-a0-b0-n0-f0-r3
mixed-f42-p21-u0-v0-g0-a0-n0-a0-b0-n0-f0-r4
mixed-f42-p21-u20-v5-g5-a60-n10-a20-b80-n50-f5-r0
mixed-f42-p21-u20-v5-g5-a60-n10-a20-b80-n50-f5-r1
mixed-f42-p21-u20-v5-g5-a60-n10-a20-b80-n50-f5-r2
mixed-f44-p22-u0-v0-g0-a0-n0-a0-b0-n0-f0-r0
mixed-f44-p22-u0-v0-g0-a0-n0-a0-b0-n0-f0-r1
mixed-f44-p22-u0-v0-g0-a0-n0-a0-b0-n0-f0-r2
mixed-f44-p22-u0-v0-g0-a0-n0-a0-b0-n0-f0-r3
mixed-f44-p22-u0-v0-g0-a0-n0-a0-b0-n0-f0-r4
mixed-f44-p22-u20-v5-g5-a60-n10-a20-b80-n50-f5-r0
mixed-f44-p22-u20-v5-g5-a60-n10-a20-b80-n50-f5-r1
mixed-f44-p22-u20-v5-g5-a60-n10-a20-b80-n50-f5-r2
mixed-f44-p22-u20-v5-g5-a60-n10-a20-b80-n50-f5-r3
mixed-f44-p22-u20-v5-g5-a60-n10-a20-b80-n50-f5-r4
mixed-f46-p23-u0-v0-g0-a0-n0-a0-b0-n0-f0-r0
mixed-f46-p23-u0-v0-g0-a0-n0-a0-b0-n0-f0-r1
mixed-f46-p23-u0-v0-g0-a0-n0-a0-b0-n0-f0-r2
mixed-f46-p23-u0-v0-g0-a0-n0-a0-b0-n0-f0-r3
mixed-f46-p23-u0-v0-g0-a0-n0-a0-b0-n0-f0-r4
mixed-f46-p23-u20-v5-g5-a60-n10-a20-b80-n50-f5-r0
mixed-f46-p23-u20-v5-g5-a60-n10-a20-b80-n50-f5-r1
mixed-f46-p23-u20-v5-g5-a60-n10-a20-b80-n50-f5-r2
mixed-f46-p23-u20-v5-g5-a60-n10-a20-b80-n50-f5-r3
mixed-f46-p23-u20-v5-g5-a60-n10-a20-b80-n50-f5-r4
mixed-f48-p24-u0-v0-g0-a0-n0-a0-b0-n0-f0-r0
mixed-f48-p24-u0-v0-g0-a0-n0-a0-b0-n0-f0-r1
mixed-f48-p24-u0-v0-g0-a0-n0-a0-b0-n0-f0-r2
mixed-f48-p24-u0-v0-g0-a0-n0-a0-b0-n0-f0-r3
mixed-f48-p24-u0-v0-g0-a0-n0-a0-b0-n0-f0-r4
mixed-f48-p24-u20-v5-g5-a60-n10-a20-b80-n50-f5-r0
mixed-f48-p24-u20-v5-g5-a60-n10-a20-b80-n50-f5-r2
mixed-f48-p24-u20-v5-g5-a60-n10-a20-b80-n50-f5-r3
mixed-f48-p24-u20-v5-g5-a60-n10-a20-b80-n50-f5-r4
mixed-f50-p25-u0-v0-g0-a0-n0-a0-b0-n0-f0-r0
mixed-f50-p25-u0-v0-g0-a0-n0-a0-b0-n0-f0-r1
mixed-f50-p25-u0-v0-g0-a0-n0-a0-b0-n0-f0-r2
mixed-f50-p25-u0-v0-g0-a0-n0-a0-b0-n0-f0-r3
mixed-f50-p25-u0-v0-g0-a0-n0-a0-b0-n0-f0-r4
mixed-f50-p25-u20-v5-g5-a60-n10-a20-b80-n50-f5-r0
mixed-f50-p25-u20-v5-g5-a60-n10-a20-b80-n50-f5-r1
mixed-f50-p25-u20-v5-g5-a60-n10-a20-b80-n50-f5-r3
mixed-f50-p25-u20-v5-g5-a60-n10-a20-b80-n50-f5-r4
mixed-f52-p26-u0-v0-g0-a0-n0-a0-b0-n0-f0-r0
mixed-f52-p26-u0-v0-g0-a0-n0-a0-b0-n0-f0-r1
mixed-f52-p26-u0-v0-g0-a0-n0-a0-b0-n0-f0-r2
mixed-f52-p26-u0-v0-g0-a0-n0-a0-b0-n0-f0-r3
mixed-f52-p26-u0-v0-g0-a0-n0-a0-b0-n0-f0-r4
mixed-f52-p26-u20-v5-g5-a60-n10-a20-b80-n50-f5-r1
mixed-f52-p26-u20-v5-g5-a60-n10-a20-b80-n50-f5-r2
mixed-f52-p26-u20-v5-g5-a60-n10-a20-b80-n50-f5-r3
mixed-f52-p26-u20-v5-g5-a60-n10-a20-b80-n50-f5-r4
mixed-f52-p26-u20-v5-g5-a60-n10-a20-b80-n50-f5-r80
mixed-f54-p27-u0-v0-g0-a0-n0-a0-b0-n0-f0-r0
mixed-f54-p27-u0-v0-g0-a0-n0-a0-b0-n0-f0-r1
mixed-f54-p27-u0-v0-g0-a0-n0-a0-b0-n0-f0-r2
mixed-f54-p27-u0-v0-g0-a0-n0-a0-b0-n0-f0-r3
mixed-f54-p27-u0-v0-g0-a0-n0-a0-b0-n0-f0-r4
mixed-f54-p27-u20-v5-g5-a60-n10-a20-b80-n50-f5-r0
mixed-f54-p27-u20-v5-g5-a60-n10-a20-b80-n50-f5-r10
mixed-f54-p27-u20-v5-g5-a60-n10-a20-b80-n50-f5-r3
mixed-f54-p27-u20-v5-g5-a60-n10-a20-b80-n50-f5-r4
mixed-f56-p28-u0-v0-g0-a0-n0-a0-b0-n0-f0-r0
mixed-f56-p28-u0-v0-g0-a0-n0-a0-b0-n0-f0-r1
mixed-f56-p28-u0-v0-g0-a0-n0-a0-b0-n0-f0-r2
mixed-f56-p28-u0-v0-g0-a0-n0-a0-b0-n0-f0-r3
mixed-f56-p28-u0-v0-g0-a0-n0-a0-b0-n0-f0-r4
mixed-f56-p28-u20-v5-g5-a60-n10-a20-b80-n50-f5-r0
mixed-f56-p28-u20-v5-g5-a60-n10-a20-b80-n50-f5-r1
mixed-f56-p28-u20-v5-g5-a60-n10-a20-b80-n50-f5-r2
mixed-f56-p28-u20-v5-g5-a60-n10-a20-b80-n50-f5-r3
mixed-f58-p29-u0-v0-g0-a0-n0-a0-b0-n0-f0-r0
mixed-f58-p29-u0-v0-g0-a0-n0-a0-b0-n0-f0-r1
mixed-f58-p29-u0-v0-g0-a0-n0-a0-b0-n0-f0-r2
mixed-f58-p29-u0-v0-g0-a0-n0-a0-b0-n0-f0-r3
mixed-f58-p29-u0-v0-g0-a0-n0-a0-b0-n0-f0-r4
mixed-f58-p29-u20-v5-g5-a60-n10-a20-b80-n50-f5-r0
mixed-f58-p29-u20-v5-g5-a60-n10-a20-b80-n50-f5-r1
mixed-f58-p29-u20-v5-g5-a60-n10-a20-b80-n50-f5-r2
mixed-f58-p29-u20-v5-g5-a60-n10-a20-b80-n50-f5-r3
mixed-f6-p3-u0-v0-g0-a0-n0-a0-b0-n0-f0-r0
mixed-f6-p3-u0-v0-g0-a0-n0-a0-b0-n0-f0-r1
mixed-f6-p3-u0-v0-g0-a0-n0-a0-b0-n0-f0-r2
mixed-f6-p3-u0-v0-g0-a0-n0-a0-b0-n0-f0-r3
mixed-f6-p3-u0-v0-g0-a0-n0-a0-b0-n0-f0-r4
mixed-f6-p3-u20-v5-g5-a60-n10-a20-b80-n50-f5-r0
mixed-f6-p3-u20-v5-g5-a60-n10-a20-b80-n50-f5-r1
mixed-f6-p3-u20-v5-g5-a60-n10-a20-b80-n50-f5-r2
mixed-f6-p3-u20-v5-g5-a60-n10-a20-b80-n50-f5-r3
mixed-f6-p3-u20-v5-g5-a60-n10-a20-b80-n50-f5-r4
mixed-f60-p30-u0-v0-g0-a0-n0-a0-b0-n0-f0-r0
mixed-f60-p30-u0-v0-g0-a0-n0-a0-b0-n0-f0-r1
mixed-f60-p30-u0-v0-g0-a0-n0-a0-b0-n0-f0-r2
mixed-f60-p30-u0-v0-g0-a0-n0-a0-b0-n0-f0-r3
mixed-f60-p30-u0-v0-g0-a0-n0-a0-b0-n0-f0-r4
mixed-f60-p30-u20-v5-g5-a60-n10-a20-b80-n50-f5-r0
mixed-f60-p30-u20-v5-g5-a60-n10-a20-b80-n50-f5-r1
mixed-f60-p30-u20-v5-g5-a60-n10-a20-b80-n50-f5-r30
mixed-f60-p30-u20-v5-g5-a60-n10-a20-b80-n50-f5-r40
mixed-f8-p4-u0-v0-g0-a0-n0-a0-b0-n0-f0-r0
mixed-f8-p4-u0-v0-g0-a0-n0-a0-b0-n0-f0-r1
mixed-f8-p4-u0-v0-g0-a0-n0-a0-b0-n0-f0-r2
mixed-f8-p4-u0-v0-g0-a0-n0-a0-b0-n0-f0-r3
mixed-f8-p4-u0-v0-g0-a0-n0-a0-b0-n0-f0-r4
mixed-f8-p4-u20-v5-g5-a60-n10-a20-b80-n50-f5-r0
mixed-f8-p4-u20-v5-g5-a60-n10-a20-b80-n50-f5-r1
mixed-f8-p4-u20-v5-g5-a60-n10-a20-b80-n50-f5-r2
mixed-f8-p4-u20-v5-g5-a60-n10-a20-b80-n50-f5-r3
mixed-f8-p4-u20-v5-g5-a60-n10-a20-b80-n50-f5-r4
schedule-10-0
schedule-10-1
schedule-10-2
schedule-11-0
schedule-11-1
schedule-11-2
schedule-12-0
schedule-12-1
schedule-12-2
schedule-13-0
schedule-13-1
schedule-13-2
schedule-14-0
schedule-14-1
schedule-14-2
schedule-15-0
schedule-15-1
schedule-15-2
schedule-16-0
schedule-16-1
schedule-16-2
schedule-17-0
schedule-17-1
schedule-17-2
schedule-18-0
schedule-18-1
schedule-18-2
schedule-19-0
schedule-19-1
schedule-19-2
schedule-2-0
schedule-2-1
schedule-2-2
schedule-20-0
schedule-20-1
schedule-20-2
schedule-21-0
schedule-21-1
schedule-21-2
schedule-22-0
schedule-22-1
schedule-22-2
schedule-23-0
schedule-23-1
schedule-23-2
schedule-24-0
schedule-24-1
schedule-24-2
schedule-25-0
schedule-25-1
schedule-25-2
schedule-26-0
schedule-26-1
schedule-26-2
schedule-27-0
schedule-27-1
schedule-27-2
schedule-28-0
schedule-28-1
schedule-28-2
schedule-29-0
schedule-29-1
schedule-29-2
schedule-3-0
schedule-3-1
schedule-3-2
schedule-30-0
schedule-30-1
schedule-30-2
schedule-31-0
schedule-31-1
schedule-31-2
schedule-32-0
schedule-32-1
schedule-32-2
schedule-33-0
schedule-33-1
schedule-33-2
schedule-34-0
schedule-34-1
schedule-34-2
schedule-35-0
schedule-35-1
schedule-35-2
schedule-36-0
schedule-36-1
schedule-36-2
schedule-37-0
schedule-37-1
schedule-37-2
schedule-38-0
schedule-38-1
schedule-38-2
schedule-39-0
schedule-39-1
schedule-39-2
schedule-4-0
schedule-4-1
schedule-4-2
schedule-40-0
schedule-40-1
schedule-40-2
schedule-41-0
schedule-41-1
schedule-41-2
schedule-42-0
schedule-42-1
schedule-42-2
schedule-43-0
schedule-43-1
schedule-43-2
schedule-44-0
schedule-44-1
schedule-44-2
schedule-45-0
schedule-45-1
schedule-45-2
schedule-46-0
schedule-46-1
schedule-46-2
schedule-47-0
schedule-47-1
schedule-47-2
schedule-48-0
schedule-48-1
schedule-48-2
schedule-49-0
schedule-49-1
schedule-49-2
schedule-5-0
schedule-5-1
schedule-5-2
schedule-50-0
schedule-50-1
schedule-50-2
schedule-51-0
schedule-51-1
schedule-51-2
schedule-6-0
schedule-6-1
schedule-6-2
schedule-7-0
schedule-7-1
schedule-7-2
schedule-8-0
schedule-8-1
schedule-8-2
schedule-9-0
schedule-9-1
schedule-9-2
strips-gripper-x-1
strips-gripper-x-10
strips-gripper-x-11
strips-gripper-x-12
strips-gripper-x-13
strips-gripper-x-14
strips-gripper-x-15
strips-gripper-x-16
strips-gripper-x-17
strips-gripper-x-18
strips-gripper-x-19
strips-gripper-x-2
strips-gripper-x-20
strips-gripper-x-3
strips-gripper-x-4
strips-gripper-x-5
strips-gripper-x-6
strips-gripper-x-7
strips-gripper-x-8
strips-gripper-x-9
strips-log-x-1
strips-log-x-2
strips-log-x-5
strips-log-x-7
strips-movie-x-1
strips-movie-x-10
strips-movie-x-11
strips-movie-x-12
strips-movie-x-13
strips-movie-x-14
strips-movie-x-15
strips-movie-x-16
strips-movie-x-17
strips-movie-x-18
strips-movie-x-19
strips-movie-x-2
strips-movie-x-20
strips-movie-x-21
strips-movie-x-22
strips-movie-x-23
strips-movie-x-24
strips-movie-x-25
strips-movie-x-26
strips-movie-x-27
strips-movie-x-28
strips-movie-x-29
strips-movie-x-3
strips-movie-x-30
strips-movie-x-4
strips-movie-x-5
strips-movie-x-6
strips-movie-x-7
strips-movie-x-8
strips-movie-x-9
strips-mprime-x-1
strips-mprime-x-11
strips-mprime-x-12
strips-mprime-x-16
strips-mprime-x-17
strips-mprime-x-2
strips-mprime-x-21
strips-mprime-x-25
strips-mprime-x-26
strips-mprime-x-27
strips-mprime-x-28
strips-mprime-x-29
strips-mprime-x-3
strips-mprime-x-4
strips-mprime-x-5
strips-mprime-x-7
strips-mprime-x-8
strips-mprime-x-9
strips-mysty-x-1
strips-mysty-x-10
strips-mysty-x-11
strips-mysty-x-13
strips-mysty-x-17
strips-mysty-x-19
strips-mysty-x-2
strips-mysty-x-25
strips-mysty-x-26
strips-mysty-x-27
strips-mysty-x-28
strips-mysty-x-29
strips-mysty-x-3
strips-mysty-x-30
strips-mysty-x-9
