blocks-200-0
blocks-200-1
blocks-250-1
blocks-46-0
freecell-3-2
freecell-3-3
freecell-3-4
freecell-3-5
freecell-4-1
freecell-4-2
freecell-4-3
freecell-4-4
freecell-4-5
freecell-5-1
freecell-5-2
freecell-5-3
schedule-10-6
schedule-11-2
schedule-12-7
strips-gripper-x-19
strips-gripper-x-20
strips-log-x-14
strips-log-x-23
strips-log-x-24
strips-log-x-3
strips-log-x-4
strips-log-x-8
strips-mprime-x-10
strips-mprime-x-12
strips-mprime-x-14
strips-mprime-x-16
strips-mprime-x-17
strips-mprime-x-18
strips-mprime-x-19
strips-mprime-x-2
strips-mprime-x-22
strips-mprime-x-23
strips-mprime-x-24
strips-mprime-x-26
strips-mprime-x-27
strips-mprime-x-29
strips-mprime-x-30
strips-mprime-x-6
strips-mprime-y-3
strips-mysty-x-10
strips-mysty-x-14
strips-mysty-x-15
strips-mysty-x-17
strips-mysty-x-2
strips-mysty-x-20
strips-mysty-x-22
strips-mysty-x-6
logistics-42-0
logistics-42-1
logistics-50-0
logistics-50-1
logistics-52-0
logistics-52-1
logistics-64-0
logistics-64-1
logistics-66-0
logistics-66-1
logistics-68-0
logistics-74-0
logistics-74-1
mixed-f16-p8-u0-v0-g0-a0-n0-a0-b0-n0-f0-r0
mixed-f16-p8-u0-v0-g0-a0-n0-a0-b0-n0-f0-r1
freecell-5-5
freecell-6-2
freecell-6-3
freecell-6-4
mixed-f18-p9-u0-v0-g0-a0-n0-a0-b0-n0-f0-r2
mixed-f18-p9-u0-v0-g0-a0-n0-a0-b0-n0-f0-r4
mixed-f20-p10-u0-v0-g0-a0-n0-a0-b0-n0-f0-r0
mixed-f20-p10-u0-v0-g0-a0-n0-a0-b0-n0-f0-r1
mixed-f22-p11-u0-v0-g0-a0-n0-a0-b0-n0-f0-r3
mixed-f22-p11-u0-v0-g0-a0-n0-a0-b0-n0-f0-r4
mixed-f26-p13-u0-v0-g0-a0-n0-a0-b0-n0-f0-r2
mixed-f24-p12-u0-v0-g0-a0-n0-a0-b0-n0-f0-r0
mixed-f26-p13-u0-v0-g0-a0-n0-a0-b0-n0-f0-r4
mixed-f28-p14-u0-v0-g0-a0-n0-a0-b0-n0-f0-r0
mixed-f30-p15-u0-v0-g0-a0-n0-a0-b0-n0-f0-r2
mixed-f30-p15-u0-v0-g0-a0-n0-a0-b0-n0-f0-r3
mixed-f30-p15-u0-v0-g0-a0-n0-a0-b0-n0-f0-r4
mixed-f32-p16-u0-v0-g0-a0-n0-a0-b0-n0-f0-r1
mixed-f34-p17-u0-v0-g0-a0-n0-a0-b0-n0-f0-r2
mixed-f34-p17-u0-v0-g0-a0-n0-a0-b0-n0-f0-r3
mixed-f36-p18-u0-v0-g0-a0-n0-a0-b0-n0-f0-r0
mixed-f38-p19-u0-v0-g0-a0-n0-a0-b0-n0-f0-r2
mixed-f38-p19-u0-v0-g0-a0-n0-a0-b0-n0-f0-r3
mixed-f38-p19-u0-v0-g0-a0-n0-a0-b0-n0-f0-r4
mixed-f40-p20-u0-v0-g0-a0-n0-a0-b0-n0-f0-r1
schedule-14-1
schedule-15-5
schedule-15-9
schedule-16-0
schedule-17-8
schedule-19-9
schedule-2-1
schedule-21-8
schedule-3-5
schedule-4-7
schedule-5-3
schedule-6-6
schedule-7-2
schedule-8-7
schedule-9-3
